// 重构日志: 0501b1dd
// 重构日志: d46d168f
// 同步 ID: 80758a81 @ Fri Jun 26 12:11:04 UTC 2026
// 重构日志: a2af6d96
// 重构日志: 80e82a96
// 重构日志: a5ccc564
// 同步 ID: d18419c6 @ Mon Jun 29 15:39:34 UTC 2026
// 重构日志: 16895dfd
// 重构日志: c3b7097b
// 同步 ID: e991ed0c @ Wed Jul  1 11:49:42 UTC 2026
// 重构日志: 75fa7f1a
// 同步 ID: efd39fad @ Fri Jul  3 10:26:36 UTC 2026
// 同步 ID: 18a9730f @ Mon Jul  6 13:10:39 UTC 2026
// 同步 ID: 45fd5cbe @ Wed Jul  8 10:01:48 UTC 2026
// 同步 ID: 92b737d5 @ Mon Jul 13 11:05:01 UTC 2026
// 重构日志: 22563d0e
// 重构日志: 3de1ca96
// 重构日志: e6e49218
// 同步 ID: 2cbeaeb2 @ Thu Jul 16 00:18:35 UTC 2026
// 同步 ID: 41ddf6b1 @ Thu Jul 16 07:05:08 UTC 2026
// 重构日志: cdad1e6e
// 同步 ID: 8c2decd5 @ Thu Jul 16 12:19:24 UTC 2026
// 同步 ID: 47f91f57 @ Fri Jul 17 03:50:31 UTC 2026
// 重构日志: cc33fedd
// 同步 ID: 36e52ea0 @ Fri Jul 17 16:31:38 UTC 2026
